<?xml version="1.0"?>
<!--

    The MIT License (MIT)

    Copyright (c) 2013-2026 The Coveralls Maven Plugin Project Contributors:
        https://github.com/hazendaz/coveralls-maven-plugin/graphs/contributors

    Permission is hereby granted, free of charge, to any person obtaining a copy
    of this software and associated documentation files (the "Software"), to deal
    in the Software without restriction, including without limitation the rights
    to use, copy, modify, merge, publish, distribute, sublicense, and/or sell
    copies of the Software, and to permit persons to whom the Software is
    furnished to do so, subject to the following conditions:

    The above copyright notice and this permission notice shall be included in
    all copies or substantial portions of the Software.

    THE SOFTWARE IS PROVIDED "AS IS", WITHOUT WARRANTY OF ANY KIND, EXPRESS OR
    IMPLIED, INCLUDING BUT NOT LIMITED TO THE WARRANTIES OF MERCHANTABILITY,
    FITNESS FOR A PARTICULAR PURPOSE AND NONINFRINGEMENT. IN NO EVENT SHALL THE
    AUTHORS OR COPYRIGHT HOLDERS BE LIABLE FOR ANY CLAIM, DAMAGES OR OTHER
    LIABILITY, WHETHER IN AN ACTION OF CONTRACT, TORT OR OTHERWISE, ARISING FROM,
    OUT OF OR IN CONNECTION WITH THE SOFTWARE OR THE USE OR OTHER DEALINGS IN
    THE SOFTWARE.

-->
<!DOCTYPE coverage SYSTEM "https://raw.githubusercontent.com/gcovr/gcovr/refs/heads/main/tests/cobertura.coverage-04.dtd">
<coverage line-rate="1.0" branch-rate="0.5" lines-covered="2" lines-valid="2" branches-covered="0" branches-valid="1" complexity="0" version="2.1.1" timestamp="1440358747916">
    <sources>
        <source>sample/module1/src/main/java</source>
    </sources>
    <packages>
        <package name="org.eluder.coverage.sample" line-rate="1.0" branch-rate="0.5" complexity="0">
            <classes>
                <class name="org.eluder.coverage.sample.SimpleCoverage" filename="org/eluder/coverage/sample/SimpleCoverage.java" line-rate="1.0" branch-rate="1.0" complexity="0">
                    <methods/>
                    <lines>
                        <line number="3" hits="1" branch="false"/>
                        <line number="6" hits="1" branch="true"/>
                    </lines>
                </class>
            </classes>
        </package>
    </packages>
</coverage>
